Arguments: 
  C:\Program Files\nodejs\node.exe C:\Users\Stephane kouam\AppData\Roaming\npm\node_modules\yarn\bin\yarn.js add @react-navigation/bottomb-tabs

PATH: 
  C:\Program Files\Python310\Scripts\;C:\Program Files\Python310\;C:\Program Files (x86)\Common Files\Oracle\Java\javapath;C:\ProgramData\Oracle\Java\javapath;C:\Windows\system32;C:\Windows;C:\Windows\System32\Wbem;C:\Windows\System32\WindowsPowerShell\v1.0\;C:\Windows\System32\OpenSSH\;C:\Program Files (x86)\NVIDIA Corporation\PhysX\Common;C:\Program Files\NVIDIA Corporation\NVIDIA NvDLISR;C:\Program Files\Git\cmd;C:\WINDOWS\system32;C:\WINDOWS;C:\WINDOWS\System32\Wbem;C:\WINDOWS\System32\WindowsPowerShell\v1.0\;C:\WINDOWS\System32\OpenSSH\;C:\Program Files\Microsoft SQL Server\130\Tools\Binn\;C:\Program Files\Microsoft SQL Server\150\Tools\Binn\;C:\Program Files\Microsoft SQL Server\Client SDK\ODBC\170\Tools\Binn\;C:\Program Files\dotnet\;C:\Program Files\Microsoft SQL Server\Client SDK\ODBC\130\Tools\Binn\;C:\Program Files (x86)\Microsoft SQL Server\140\Tools\Binn\;C:\Program Files\Microsoft SQL Server\140\Tools\Binn\;C:\Program Files\Microsoft SQL Server\140\DTS\Binn\;C:\Program Files (x86)\Microsoft SQL Server\150\DTS\Binn\;C:\Program Files\Azure Data Studio\bin;C:\composer;C:\ProgramData\chocolatey\bin;C:\Program Files\nodejs\;C:\Program Files\OpenJDK\openjdk-11.0.16_8\bin;C:\Users\Stephane kouam\AppData\Local\Microsoft\WindowsApps;C:\Users\Stephane kouam\AppData\Local\GitHubDesktop\bin;C:\src\flutter\flutter\bin;C:\Users\Stephane kouam\AppData\Local\Microsoft\WindowsApps;C:\wamp64\bin\mysql\mysql5.7.31\bin;C:\laragon\bin\php\php-7.2.19-Win32-VC15-x64;C:\Users\Stephane kouam\.dotnet\tools;C:\Users\Stephane kouam\AppData\Roaming\Composer\vendor\bin;C:\Users\Stephane kouam\AppData\Roaming\Microsoft\Windows\Start Menu\Programs\Python 3.10;C:\Users\Stephane kouam\AppData\Local\Android\Sdk\platform-tools;C:\Users\Stephane kouam\AppData\Roaming\npm;C:\Users\Stephane kouam\AppData\Local\Programs\Microsoft VS Code\bin

Yarn version: 
  1.22.19

Node version: 
  16.16.0

Platform: 
  win32 x64

Trace: 
  Error: https://registry.yarnpkg.com/@react-navigation%2fbottomb-tabs: Not found
      at Request.params.callback [as _callback] (C:\Users\Stephane kouam\AppData\Roaming\npm\node_modules\yarn\lib\cli.js:66145:18)
      at Request.self.callback (C:\Users\Stephane kouam\AppData\Roaming\npm\node_modules\yarn\lib\cli.js:140890:22)
      at Request.emit (node:events:527:28)
      at Request.<anonymous> (C:\Users\Stephane kouam\AppData\Roaming\npm\node_modules\yarn\lib\cli.js:141862:10)
      at Request.emit (node:events:527:28)
      at IncomingMessage.<anonymous> (C:\Users\Stephane kouam\AppData\Roaming\npm\node_modules\yarn\lib\cli.js:141784:12)
      at Object.onceWrapper (node:events:641:28)
      at IncomingMessage.emit (node:events:539:35)
      at endReadableNT (node:internal/streams/readable:1345:12)
      at processTicksAndRejections (node:internal/process/task_queues:83:21)

npm manifest: 
  {
    "name": "lebreakfood",
    "version": "1.0.0",
    "main": "node_modules/expo/AppEntry.js",
    "scripts": {
      "start": "expo start",
      "android": "expo start --android",
      "ios": "expo start --ios",
      "web": "expo start --web"
    },
    "dependencies": {
      "@react-native-firebase/messaging": "^15.4.0",
      "@react-navigation/native": "^6.0.12",
      "@react-navigation/native-stack": "^6.8.0",
      "expo": "~46.0.9",
      "expo-status-bar": "~1.4.0",
      "firebase": "^8.2.3",
      "react": "18.0.0",
      "react-native": "0.69.5",
      "react-native-safe-area-context": "4.3.1",
      "react-native-screens": "~3.15.0"
    },
    "devDependencies": {
      "@babel/core": "^7.12.9"
    },
    "private": true
  }

yarn manifest: 
  No manifest

Lockfile: 
  No lockfile
